[1126/134255.467:INFO:CONSOLE(726)] "A parser-blocking, cross site (i.e. different eTLD+1) script, https://ss1.bdstatic.com/5eN1bjq8AAUYm2zgoY3K/r/www/cache/static/protocol/https/global/js/all_async_search_55e56a3.js, is invoked via document.write. The network request for this script MAY be blocked by the browser in this or a future page load due to poor network connectivity. If blocked in this page load, it will be confirmed in a subsequent console message. See https://www.chromestatus.com/feature/5718547946799104 for more details.", source: https://www.baidu.com/ (726)
[1126/134255.467:INFO:CONSOLE(726)] "A parser-blocking, cross site (i.e. different eTLD+1) script, https://ss1.bdstatic.com/5eN1bjq8AAUYm2zgoY3K/r/www/cache/static/protocol/https/global/js/all_async_search_55e56a3.js, is invoked via document.write. The network request for this script MAY be blocked by the browser in this or a future page load due to poor network connectivity. If blocked in this page load, it will be confirmed in a subsequent console message. See https://www.chromestatus.com/feature/5718547946799104 for more details.", source: https://www.baidu.com/ (726)
[1126/134255.520:INFO:CONSOLE(177)] "同学，祝贺你喜提彩蛋~
或许你们还在犹豫是否加入，我会坦诚的告诉你我们超酷；
在这里大家都用无人车代步，AI音箱不仅播放还可以交互；
人工智能是发展的核心技术，做自己让未来不只领先几步；
在这里做自己，欢迎来到百度！
", source: https://ss1.bdstatic.com/5eN1bjq8AAUYm2zgoY3K/r/www/cache/static/protocol/https/global/js/all_async_search_55e56a3.js (177)
[1126/134255.520:INFO:CONSOLE(177)] "%c百度2019校园招聘简历提交：http://dwz.cn/XpoFdepe （你将有机会直接获得面试资格）", source: https://ss1.bdstatic.com/5eN1bjq8AAUYm2zgoY3K/r/www/cache/static/protocol/https/global/js/all_async_search_55e56a3.js (177)
[1126/134458.174:INFO:CONSOLE(726)] "A parser-blocking, cross site (i.e. different eTLD+1) script, https://ss1.bdstatic.com/5eN1bjq8AAUYm2zgoY3K/r/www/cache/static/protocol/https/global/js/all_async_search_55e56a3.js, is invoked via document.write. The network request for this script MAY be blocked by the browser in this or a future page load due to poor network connectivity. If blocked in this page load, it will be confirmed in a subsequent console message. See https://www.chromestatus.com/feature/5718547946799104 for more details.", source: https://www.baidu.com/ (726)
[1126/134458.175:INFO:CONSOLE(726)] "A parser-blocking, cross site (i.e. different eTLD+1) script, https://ss1.bdstatic.com/5eN1bjq8AAUYm2zgoY3K/r/www/cache/static/protocol/https/global/js/all_async_search_55e56a3.js, is invoked via document.write. The network request for this script MAY be blocked by the browser in this or a future page load due to poor network connectivity. If blocked in this page load, it will be confirmed in a subsequent console message. See https://www.chromestatus.com/feature/5718547946799104 for more details.", source: https://www.baidu.com/ (726)
[1126/134458.227:INFO:CONSOLE(177)] "同学，祝贺你喜提彩蛋~
或许你们还在犹豫是否加入，我会坦诚的告诉你我们超酷；
在这里大家都用无人车代步，AI音箱不仅播放还可以交互；
人工智能是发展的核心技术，做自己让未来不只领先几步；
在这里做自己，欢迎来到百度！
", source: https://ss1.bdstatic.com/5eN1bjq8AAUYm2zgoY3K/r/www/cache/static/protocol/https/global/js/all_async_search_55e56a3.js (177)
[1126/134458.227:INFO:CONSOLE(177)] "%c百度2019校园招聘简历提交：http://dwz.cn/XpoFdepe （你将有机会直接获得面试资格）", source: https://ss1.bdstatic.com/5eN1bjq8AAUYm2zgoY3K/r/www/cache/static/protocol/https/global/js/all_async_search_55e56a3.js (177)
[1126/134607.463:INFO:CONSOLE(726)] "A parser-blocking, cross site (i.e. different eTLD+1) script, https://ss1.bdstatic.com/5eN1bjq8AAUYm2zgoY3K/r/www/cache/static/protocol/https/global/js/all_async_search_55e56a3.js, is invoked via document.write. The network request for this script MAY be blocked by the browser in this or a future page load due to poor network connectivity. If blocked in this page load, it will be confirmed in a subsequent console message. See https://www.chromestatus.com/feature/5718547946799104 for more details.", source: https://www.baidu.com/ (726)
[1126/134607.463:INFO:CONSOLE(726)] "A parser-blocking, cross site (i.e. different eTLD+1) script, https://ss1.bdstatic.com/5eN1bjq8AAUYm2zgoY3K/r/www/cache/static/protocol/https/global/js/all_async_search_55e56a3.js, is invoked via document.write. The network request for this script MAY be blocked by the browser in this or a future page load due to poor network connectivity. If blocked in this page load, it will be confirmed in a subsequent console message. See https://www.chromestatus.com/feature/5718547946799104 for more details.", source: https://www.baidu.com/ (726)
[1126/134607.505:INFO:CONSOLE(177)] "同学，祝贺你喜提彩蛋~
或许你们还在犹豫是否加入，我会坦诚的告诉你我们超酷；
在这里大家都用无人车代步，AI音箱不仅播放还可以交互；
人工智能是发展的核心技术，做自己让未来不只领先几步；
在这里做自己，欢迎来到百度！
", source: https://ss1.bdstatic.com/5eN1bjq8AAUYm2zgoY3K/r/www/cache/static/protocol/https/global/js/all_async_search_55e56a3.js (177)
[1126/134607.505:INFO:CONSOLE(177)] "%c百度2019校园招聘简历提交：http://dwz.cn/XpoFdepe （你将有机会直接获得面试资格）", source: https://ss1.bdstatic.com/5eN1bjq8AAUYm2zgoY3K/r/www/cache/static/protocol/https/global/js/all_async_search_55e56a3.js (177)
[0221/114954.498:INFO:CONSOLE(730)] "A parser-blocking, cross site (i.e. different eTLD+1) script, https://ss1.bdstatic.com/5eN1bjq8AAUYm2zgoY3K/r/www/cache/static/protocol/https/global/js/all_async_search_c180334.js, is invoked via document.write. The network request for this script MAY be blocked by the browser in this or a future page load due to poor network connectivity. If blocked in this page load, it will be confirmed in a subsequent console message. See https://www.chromestatus.com/feature/5718547946799104 for more details.", source: https://www.baidu.com/ (730)
[0221/114954.498:INFO:CONSOLE(730)] "A parser-blocking, cross site (i.e. different eTLD+1) script, https://ss1.bdstatic.com/5eN1bjq8AAUYm2zgoY3K/r/www/cache/static/protocol/https/global/js/all_async_search_c180334.js, is invoked via document.write. The network request for this script MAY be blocked by the browser in this or a future page load due to poor network connectivity. If blocked in this page load, it will be confirmed in a subsequent console message. See https://www.chromestatus.com/feature/5718547946799104 for more details.", source: https://www.baidu.com/ (730)
[0221/114954.564:INFO:CONSOLE(4)] "Uncaught ReferenceError: c is not defined", source: https://ss1.bdstatic.com/5eN1bjq8AAUYm2zgoY3K/r/www/cache/static/protocol/https/plugins/every_cookie_4644b13.js (4)
[0221/114954.572:INFO:CONSOLE(179)] "同学，祝贺你喜提彩蛋~
或许你们还在犹豫是否加入，我会坦诚的告诉你我们超酷；
在这里大家都用无人车代步，AI音箱不仅播放还可以交互；
人工智能是发展的核心技术，做自己让未来不只领先几步；
在这里做自己，欢迎来到百度！
", source: https://ss1.bdstatic.com/5eN1bjq8AAUYm2zgoY3K/r/www/cache/static/protocol/https/global/js/all_async_search_c180334.js (179)
[0221/114954.573:INFO:CONSOLE(179)] "%c百度2019校园招聘简历提交：http://dwz.cn/XpoFdepe （你将有机会直接获得面试资格）", source: https://ss1.bdstatic.com/5eN1bjq8AAUYm2zgoY3K/r/www/cache/static/protocol/https/global/js/all_async_search_c180334.js (179)
[0221/115120.670:INFO:CONSOLE(10)] "Uncaught SyntaxError: Invalid or unexpected token", source: http://www.168fff.cn/ (10)
[0221/115325.361:INFO:CONSOLE(10)] "Uncaught SyntaxError: Invalid or unexpected token", source: http://www.168fff.cn/ (10)
[0221/115504.000:INFO:CONSOLE(10)] "Uncaught SyntaxError: Invalid or unexpected token", source: http://www.168fff.cn/ (10)
[0221/115820.600:INFO:CONSOLE(10)] "Uncaught SyntaxError: Invalid or unexpected token", source: http://www.168fff.cn/ (10)
[0221/120725.375:INFO:CONSOLE(10)] "Uncaught SyntaxError: Invalid or unexpected token", source: http://www.168fff.cn/ (10)
[0221/121036.983:INFO:CONSOLE(10)] "Uncaught SyntaxError: Invalid or unexpected token", source: http://www.168fff.cn/ (10)
[0221/121134.087:INFO:CONSOLE(10)] "Uncaught SyntaxError: Invalid or unexpected token", source: http://www.168fff.cn/ (10)
[0221/121221.466:INFO:CONSOLE(10)] "Uncaught SyntaxError: Invalid or unexpected token", source: http://www.168fff.cn/ (10)
[0221/121327.391:INFO:CONSOLE(10)] "Uncaught SyntaxError: Invalid or unexpected token", source: http://www.168fff.cn/ (10)
[0221/121447.536:INFO:CONSOLE(10)] "Uncaught SyntaxError: Invalid or unexpected token", source: http://www.168fff.cn/ (10)
[0221/130726.377:INFO:CONSOLE(10)] "Uncaught SyntaxError: Invalid or unexpected token", source: http://www.168fff.cn/ (10)
[0221/130958.911:INFO:CONSOLE(10)] "Uncaught SyntaxError: Invalid or unexpected token", source: http://www.168fff.cn/ (10)
[0221/131007.736:INFO:CONSOLE(10)] "Uncaught SyntaxError: Invalid or unexpected token", source: http://www.168fff.cn/ (10)
[0221/131146.147:INFO:CONSOLE(10)] "Uncaught SyntaxError: Invalid or unexpected token", source: http://www.168fff.cn/ (10)
[0221/140539.756:INFO:CONSOLE(10)] "Uncaught SyntaxError: Invalid or unexpected token", source: http://www.168fff.cn/ (10)
[0221/141245.887:INFO:CONSOLE(10)] "Uncaught SyntaxError: Invalid or unexpected token", source: http://www.168fff.cn/ (10)
[0221/141253.964:INFO:CONSOLE(10)] "Uncaught SyntaxError: Invalid or unexpected token", source: http://www.168fff.cn/ (10)
[0222/095927.778:INFO:CONSOLE(10)] "Uncaught SyntaxError: Invalid or unexpected token", source: http://www.168fff.cn/ (10)
[0222/130352.074:INFO:CONSOLE(10)] "Uncaught SyntaxError: Invalid or unexpected token", source: http://www.168fff.cn/ (10)
[0222/130745.724:INFO:CONSOLE(10)] "Uncaught SyntaxError: Invalid or unexpected token", source: http://www.168fff.cn/ (10)
[0222/131312.888:INFO:CONSOLE(10)] "Uncaught SyntaxError: Invalid or unexpected token", source: http://www.168fff.cn/ (10)
[0222/131358.823:INFO:CONSOLE(43)] "Frame with URL 'https://open.weixin.qq.com/connect/qrconnect?appid=wx32249704a76b8b61&redirect_uri=http%3A%2F%2Fwww.168fff.cn%2Fweixinweblogin.ashx&response_type=code&scope=snsapi_login&state=4&style=black#wechat_redirect' attempted to navigate its top-level window with URL 'http://www.168fff.cn/student/index.ashx#'. Navigating the top-level window from a cross-origin iframe will soon require that the iframe has received a user gesture. See https://www.chromestatus.com/features/5851021045661696.", source: https://open.weixin.qq.com/connect/qrconnect?appid=wx32249704a76b8b61&redirect_uri=http%3A%2F%2Fwww.168fff.cn%2Fweixinweblogin.ashx&response_type=code&scope=snsapi_login&state=4&style=black (43)
[0222/131512.076:INFO:CONSOLE(10)] "Uncaught SyntaxError: Invalid or unexpected token", source: http://www.168fff.cn/ (10)
